<?xml version="1.0" encoding="UTF-8"?>
<testsuite xmlns:xsi="http://www.w3.org/2001/XMLSchema-instance" xsi:noNamespaceSchemaLocation="https://maven.apache.org/surefire/maven-surefire-plugin/xsd/surefire-test-report.xsd" name="com.codeyuaiiao.WebzpJavaApplicationTests" time="4.395" tests="1" errors="0" skipped="0" failures="0">
  <properties>
    <property name="sun.desktop" value="windows"/>
    <property name="awt.toolkit" value="sun.awt.windows.WToolkit"/>
    <property name="file.encoding.pkg" value="sun.io"/>
    <property name="java.specification.version" value="1.8"/>
    <property name="sun.cpu.isalist" value="amd64"/>
    <property name="sun.jnu.encoding" value="GBK"/>
    <property name="java.class.path" value="E:\011前后端分离的校园招聘系统\项目代码\后端\webzp-java\target\test-classes;E:\011前后端分离的校园招聘系统\项目代码\后端\webzp-java\target\classes;E:\maven_repository\org\springframework\boot\spring-boot-starter-data-redis\2.4.2\spring-boot-starter-data-redis-2.4.2.jar;E:\maven_repository\org\springframework\boot\spring-boot-starter\2.4.2\spring-boot-starter-2.4.2.jar;E:\maven_repository\org\springframework\boot\spring-boot-starter-logging\2.4.2\spring-boot-starter-logging-2.4.2.jar;E:\maven_repository\ch\qos\logback\logback-classic\1.2.3\logback-classic-1.2.3.jar;E:\maven_repository\ch\qos\logback\logback-core\1.2.3\logback-core-1.2.3.jar;E:\maven_repository\org\apache\logging\log4j\log4j-to-slf4j\2.13.3\log4j-to-slf4j-2.13.3.jar;E:\maven_repository\jakarta\annotation\jakarta.annotation-api\1.3.5\jakarta.annotation-api-1.3.5.jar;E:\maven_repository\org\yaml\snakeyaml\1.27\snakeyaml-1.27.jar;E:\maven_repository\org\springframework\data\spring-data-redis\2.4.3\spring-data-redis-2.4.3.jar;E:\maven_repository\org\springframework\data\spring-data-keyvalue\2.4.3\spring-data-keyvalue-2.4.3.jar;E:\maven_repository\org\springframework\data\spring-data-commons\2.4.3\spring-data-commons-2.4.3.jar;E:\maven_repository\org\springframework\spring-tx\5.3.3\spring-tx-5.3.3.jar;E:\maven_repository\org\springframework\spring-oxm\5.3.3\spring-oxm-5.3.3.jar;E:\maven_repository\org\springframework\spring-aop\5.3.3\spring-aop-5.3.3.jar;E:\maven_repository\org\springframework\spring-context-support\5.3.3\spring-context-support-5.3.3.jar;E:\maven_repository\io\lettuce\lettuce-core\6.0.2.RELEASE\lettuce-core-6.0.2.RELEASE.jar;E:\maven_repository\io\netty\netty-common\4.1.58.Final\netty-common-4.1.58.Final.jar;E:\maven_repository\io\netty\netty-handler\4.1.58.Final\netty-handler-4.1.58.Final.jar;E:\maven_repository\io\netty\netty-resolver\4.1.58.Final\netty-resolver-4.1.58.Final.jar;E:\maven_repository\io\netty\netty-buffer\4.1.58.Final\netty-buffer-4.1.58.Final.jar;E:\maven_repository\io\netty\netty-codec\4.1.58.Final\netty-codec-4.1.58.Final.jar;E:\maven_repository\io\netty\netty-transport\4.1.58.Final\netty-transport-4.1.58.Final.jar;E:\maven_repository\io\projectreactor\reactor-core\3.4.2\reactor-core-3.4.2.jar;E:\maven_repository\org\reactivestreams\reactive-streams\1.0.3\reactive-streams-1.0.3.jar;E:\maven_repository\com\spring4all\spring-boot-starter-swagger\1.5.1.RELEASE\spring-boot-starter-swagger-1.5.1.RELEASE.jar;E:\maven_repository\io\springfox\springfox-swagger-ui\2.7.0\springfox-swagger-ui-2.7.0.jar;E:\maven_repository\io\springfox\springfox-spring-web\2.7.0\springfox-spring-web-2.7.0.jar;E:\maven_repository\org\reflections\reflections\0.9.11\reflections-0.9.11.jar;E:\maven_repository\org\javassist\javassist\3.21.0-GA\javassist-3.21.0-GA.jar;E:\maven_repository\io\springfox\springfox-swagger2\2.7.0\springfox-swagger2-2.7.0.jar;E:\maven_repository\io\swagger\swagger-annotations\1.5.13\swagger-annotations-1.5.13.jar;E:\maven_repository\io\swagger\swagger-models\1.5.13\swagger-models-1.5.13.jar;E:\maven_repository\io\springfox\springfox-spi\2.7.0\springfox-spi-2.7.0.jar;E:\maven_repository\io\springfox\springfox-core\2.7.0\springfox-core-2.7.0.jar;E:\maven_repository\io\springfox\springfox-schema\2.7.0\springfox-schema-2.7.0.jar;E:\maven_repository\io\springfox\springfox-swagger-common\2.7.0\springfox-swagger-common-2.7.0.jar;E:\maven_repository\com\google\guava\guava\18.0\guava-18.0.jar;E:\maven_repository\com\fasterxml\classmate\1.5.1\classmate-1.5.1.jar;E:\maven_repository\org\springframework\plugin\spring-plugin-core\1.2.0.RELEASE\spring-plugin-core-1.2.0.RELEASE.jar;E:\maven_repository\org\springframework\plugin\spring-plugin-metadata\1.2.0.RELEASE\spring-plugin-metadata-1.2.0.RELEASE.jar;E:\maven_repository\org\mapstruct\mapstruct\1.1.0.Final\mapstruct-1.1.0.Final.jar;E:\maven_repository\io\springfox\springfox-bean-validators\2.7.0\springfox-bean-validators-2.7.0.jar;E:\maven_repository\com\alibaba\druid-spring-boot-starter\1.2.4\druid-spring-boot-starter-1.2.4.jar;E:\maven_repository\com\alibaba\druid\1.2.4\druid-1.2.4.jar;E:\maven_repository\org\slf4j\slf4j-api\1.7.30\slf4j-api-1.7.30.jar;E:\maven_repository\org\springframework\boot\spring-boot-autoconfigure\2.4.2\spring-boot-autoconfigure-2.4.2.jar;E:\maven_repository\mysql\mysql-connector-java\8.0.22\mysql-connector-java-8.0.22.jar;E:\maven_repository\com\baomidou\mybatis-plus-generator\3.2.0\mybatis-plus-generator-3.2.0.jar;E:\maven_repository\com\baomidou\mybatis-plus-extension\3.2.0\mybatis-plus-extension-3.2.0.jar;E:\maven_repository\com\baomidou\mybatis-plus-core\3.2.0\mybatis-plus-core-3.2.0.jar;E:\maven_repository\com\baomidou\mybatis-plus-annotation\3.2.0\mybatis-plus-annotation-3.2.0.jar;E:\maven_repository\com\github\jsqlparser\jsqlparser\2.1\jsqlparser-2.1.jar;E:\maven_repository\org\mybatis\mybatis\3.5.2\mybatis-3.5.2.jar;E:\maven_repository\org\mybatis\mybatis-spring\2.0.2\mybatis-spring-2.0.2.jar;E:\maven_repository\org\freemarker\freemarker\2.3.30\freemarker-2.3.30.jar;E:\maven_repository\com\baomidou\mybatis-plus-boot-starter\3.0.5\mybatis-plus-boot-starter-3.0.5.jar;E:\maven_repository\com\baomidou\mybatis-plus\3.0.5\mybatis-plus-3.0.5.jar;E:\maven_repository\org\springframework\boot\spring-boot-starter-jdbc\2.4.2\spring-boot-starter-jdbc-2.4.2.jar;E:\maven_repository\com\zaxxer\HikariCP\3.4.5\HikariCP-3.4.5.jar;E:\maven_repository\org\springframework\spring-jdbc\5.3.3\spring-jdbc-5.3.3.jar;E:\maven_repository\org\springframework\boot\spring-boot-configuration-processor\2.4.2\spring-boot-configuration-processor-2.4.2.jar;E:\maven_repository\org\springframework\boot\spring-boot-starter-web\2.4.2\spring-boot-starter-web-2.4.2.jar;E:\maven_repository\org\springframework\boot\spring-boot-starter-json\2.4.2\spring-boot-starter-json-2.4.2.jar;E:\maven_repository\com\fasterxml\jackson\datatype\jackson-datatype-jdk8\2.11.4\jackson-datatype-jdk8-2.11.4.jar;E:\maven_repository\com\fasterxml\jackson\datatype\jackson-datatype-jsr310\2.11.4\jackson-datatype-jsr310-2.11.4.jar;E:\maven_repository\com\fasterxml\jackson\module\jackson-module-parameter-names\2.11.4\jackson-module-parameter-names-2.11.4.jar;E:\maven_repository\org\springframework\boot\spring-boot-starter-tomcat\2.4.2\spring-boot-starter-tomcat-2.4.2.jar;E:\maven_repository\org\apache\tomcat\embed\tomcat-embed-core\9.0.41\tomcat-embed-core-9.0.41.jar;E:\maven_repository\org\glassfish\jakarta.el\3.0.3\jakarta.el-3.0.3.jar;E:\maven_repository\org\apache\tomcat\embed\tomcat-embed-websocket\9.0.41\tomcat-embed-websocket-9.0.41.jar;E:\maven_repository\org\springframework\spring-web\5.3.3\spring-web-5.3.3.jar;E:\maven_repository\org\springframework\spring-beans\5.3.3\spring-beans-5.3.3.jar;E:\maven_repository\org\springframework\spring-webmvc\5.3.3\spring-webmvc-5.3.3.jar;E:\maven_repository\org\springframework\spring-context\5.3.3\spring-context-5.3.3.jar;E:\maven_repository\org\springframework\spring-expression\5.3.3\spring-expression-5.3.3.jar;E:\maven_repository\org\springframework\boot\spring-boot-devtools\2.4.2\spring-boot-devtools-2.4.2.jar;E:\maven_repository\org\springframework\boot\spring-boot\2.4.2\spring-boot-2.4.2.jar;E:\maven_repository\org\projectlombok\lombok\1.18.16\lombok-1.18.16.jar;E:\maven_repository\org\springframework\boot\spring-boot-starter-test\2.4.2\spring-boot-starter-test-2.4.2.jar;E:\maven_repository\org\springframework\boot\spring-boot-test\2.4.2\spring-boot-test-2.4.2.jar;E:\maven_repository\org\springframework\boot\spring-boot-test-autoconfigure\2.4.2\spring-boot-test-autoconfigure-2.4.2.jar;E:\maven_repository\com\jayway\jsonpath\json-path\2.4.0\json-path-2.4.0.jar;E:\maven_repository\net\minidev\json-smart\2.3\json-smart-2.3.jar;E:\maven_repository\net\minidev\accessors-smart\1.2\accessors-smart-1.2.jar;E:\maven_repository\org\ow2\asm\asm\5.0.4\asm-5.0.4.jar;E:\maven_repository\jakarta\xml\bind\jakarta.xml.bind-api\2.3.3\jakarta.xml.bind-api-2.3.3.jar;E:\maven_repository\jakarta\activation\jakarta.activation-api\1.2.2\jakarta.activation-api-1.2.2.jar;E:\maven_repository\org\assertj\assertj-core\3.18.1\assertj-core-3.18.1.jar;E:\maven_repository\org\hamcrest\hamcrest\2.2\hamcrest-2.2.jar;E:\maven_repository\org\junit\jupiter\junit-jupiter\5.7.0\junit-jupiter-5.7.0.jar;E:\maven_repository\org\junit\jupiter\junit-jupiter-api\5.7.0\junit-jupiter-api-5.7.0.jar;E:\maven_repository\org\apiguardian\apiguardian-api\1.1.0\apiguardian-api-1.1.0.jar;E:\maven_repository\org\opentest4j\opentest4j\1.2.0\opentest4j-1.2.0.jar;E:\maven_repository\org\junit\platform\junit-platform-commons\1.7.0\junit-platform-commons-1.7.0.jar;E:\maven_repository\org\junit\jupiter\junit-jupiter-params\5.7.0\junit-jupiter-params-5.7.0.jar;E:\maven_repository\org\junit\jupiter\junit-jupiter-engine\5.7.0\junit-jupiter-engine-5.7.0.jar;E:\maven_repository\org\junit\platform\junit-platform-engine\1.7.0\junit-platform-engine-1.7.0.jar;E:\maven_repository\org\mockito\mockito-core\3.6.28\mockito-core-3.6.28.jar;E:\maven_repository\net\bytebuddy\byte-buddy\1.10.19\byte-buddy-1.10.19.jar;E:\maven_repository\net\bytebuddy\byte-buddy-agent\1.10.19\byte-buddy-agent-1.10.19.jar;E:\maven_repository\org\objenesis\objenesis\3.1\objenesis-3.1.jar;E:\maven_repository\org\mockito\mockito-junit-jupiter\3.6.28\mockito-junit-jupiter-3.6.28.jar;E:\maven_repository\org\skyscreamer\jsonassert\1.5.0\jsonassert-1.5.0.jar;E:\maven_repository\com\vaadin\external\google\android-json\0.0.20131108.vaadin1\android-json-0.0.20131108.vaadin1.jar;E:\maven_repository\org\springframework\spring-core\5.3.3\spring-core-5.3.3.jar;E:\maven_repository\org\springframework\spring-jcl\5.3.3\spring-jcl-5.3.3.jar;E:\maven_repository\org\springframework\spring-test\5.3.3\spring-test-5.3.3.jar;E:\maven_repository\org\xmlunit\xmlunit-core\2.7.0\xmlunit-core-2.7.0.jar;E:\maven_repository\io\jsonwebtoken\jjwt\0.9.1\jjwt-0.9.1.jar;E:\maven_repository\com\fasterxml\jackson\core\jackson-databind\2.11.4\jackson-databind-2.11.4.jar;E:\maven_repository\com\fasterxml\jackson\core\jackson-annotations\2.11.4\jackson-annotations-2.11.4.jar;E:\maven_repository\com\fasterxml\jackson\core\jackson-core\2.11.4\jackson-core-2.11.4.jar;E:\maven_repository\com\auth0\java-jwt\3.8.3\java-jwt-3.8.3.jar;E:\maven_repository\commons-codec\commons-codec\1.15\commons-codec-1.15.jar;E:\maven_repository\org\springframework\boot\spring-boot-starter-log4j2\2.4.2\spring-boot-starter-log4j2-2.4.2.jar;E:\maven_repository\org\apache\logging\log4j\log4j-slf4j-impl\2.13.3\log4j-slf4j-impl-2.13.3.jar;E:\maven_repository\org\apache\logging\log4j\log4j-api\2.13.3\log4j-api-2.13.3.jar;E:\maven_repository\org\apache\logging\log4j\log4j-core\2.13.3\log4j-core-2.13.3.jar;E:\maven_repository\org\apache\logging\log4j\log4j-jul\2.13.3\log4j-jul-2.13.3.jar;E:\maven_repository\org\slf4j\jul-to-slf4j\1.7.30\jul-to-slf4j-1.7.30.jar;E:\maven_repository\com\alibaba\fastjson\1.2.66\fastjson-1.2.66.jar;E:\maven_repository\com\github\axet\kaptcha\0.0.9\kaptcha-0.0.9.jar;E:\maven_repository\com\jhlabs\filters\2.0.235\filters-2.0.235.jar;"/>
    <property name="java.vm.vendor" value="Oracle Corporation"/>
    <property name="sun.arch.data.model" value="64"/>
    <property name="user.variant" value=""/>
    <property name="java.vendor.url" value="http://java.oracle.com/"/>
    <property name="user.timezone" value="Asia/Shanghai"/>
    <property name="java.vm.specification.version" value="1.8"/>
    <property name="os.name" value="Windows 10"/>
    <property name="user.country" value="CN"/>
    <property name="sun.java.launcher" value="SUN_STANDARD"/>
    <property name="sun.boot.library.path" value="C:\Program Files\Java\jdk1.8.0_301\jre\bin"/>
    <property name="sun.java.command" value="C:\Users\86198\AppData\Local\Temp\surefire5480059360380921043\surefirebooter5999614764230106388.jar C:\Users\86198\AppData\Local\Temp\surefire5480059360380921043 2024-04-14T00-34-08_665-jvmRun1 surefire5896288479551720605tmp surefire_07300673584707386018tmp"/>
    <property name="surefire.test.class.path" value="E:\011前后端分离的校园招聘系统\项目代码\后端\webzp-java\target\test-classes;E:\011前后端分离的校园招聘系统\项目代码\后端\webzp-java\target\classes;E:\maven_repository\org\springframework\boot\spring-boot-starter-data-redis\2.4.2\spring-boot-starter-data-redis-2.4.2.jar;E:\maven_repository\org\springframework\boot\spring-boot-starter\2.4.2\spring-boot-starter-2.4.2.jar;E:\maven_repository\org\springframework\boot\spring-boot-starter-logging\2.4.2\spring-boot-starter-logging-2.4.2.jar;E:\maven_repository\ch\qos\logback\logback-classic\1.2.3\logback-classic-1.2.3.jar;E:\maven_repository\ch\qos\logback\logback-core\1.2.3\logback-core-1.2.3.jar;E:\maven_repository\org\apache\logging\log4j\log4j-to-slf4j\2.13.3\log4j-to-slf4j-2.13.3.jar;E:\maven_repository\jakarta\annotation\jakarta.annotation-api\1.3.5\jakarta.annotation-api-1.3.5.jar;E:\maven_repository\org\yaml\snakeyaml\1.27\snakeyaml-1.27.jar;E:\maven_repository\org\springframework\data\spring-data-redis\2.4.3\spring-data-redis-2.4.3.jar;E:\maven_repository\org\springframework\data\spring-data-keyvalue\2.4.3\spring-data-keyvalue-2.4.3.jar;E:\maven_repository\org\springframework\data\spring-data-commons\2.4.3\spring-data-commons-2.4.3.jar;E:\maven_repository\org\springframework\spring-tx\5.3.3\spring-tx-5.3.3.jar;E:\maven_repository\org\springframework\spring-oxm\5.3.3\spring-oxm-5.3.3.jar;E:\maven_repository\org\springframework\spring-aop\5.3.3\spring-aop-5.3.3.jar;E:\maven_repository\org\springframework\spring-context-support\5.3.3\spring-context-support-5.3.3.jar;E:\maven_repository\io\lettuce\lettuce-core\6.0.2.RELEASE\lettuce-core-6.0.2.RELEASE.jar;E:\maven_repository\io\netty\netty-common\4.1.58.Final\netty-common-4.1.58.Final.jar;E:\maven_repository\io\netty\netty-handler\4.1.58.Final\netty-handler-4.1.58.Final.jar;E:\maven_repository\io\netty\netty-resolver\4.1.58.Final\netty-resolver-4.1.58.Final.jar;E:\maven_repository\io\netty\netty-buffer\4.1.58.Final\netty-buffer-4.1.58.Final.jar;E:\maven_repository\io\netty\netty-codec\4.1.58.Final\netty-codec-4.1.58.Final.jar;E:\maven_repository\io\netty\netty-transport\4.1.58.Final\netty-transport-4.1.58.Final.jar;E:\maven_repository\io\projectreactor\reactor-core\3.4.2\reactor-core-3.4.2.jar;E:\maven_repository\org\reactivestreams\reactive-streams\1.0.3\reactive-streams-1.0.3.jar;E:\maven_repository\com\spring4all\spring-boot-starter-swagger\1.5.1.RELEASE\spring-boot-starter-swagger-1.5.1.RELEASE.jar;E:\maven_repository\io\springfox\springfox-swagger-ui\2.7.0\springfox-swagger-ui-2.7.0.jar;E:\maven_repository\io\springfox\springfox-spring-web\2.7.0\springfox-spring-web-2.7.0.jar;E:\maven_repository\org\reflections\reflections\0.9.11\reflections-0.9.11.jar;E:\maven_repository\org\javassist\javassist\3.21.0-GA\javassist-3.21.0-GA.jar;E:\maven_repository\io\springfox\springfox-swagger2\2.7.0\springfox-swagger2-2.7.0.jar;E:\maven_repository\io\swagger\swagger-annotations\1.5.13\swagger-annotations-1.5.13.jar;E:\maven_repository\io\swagger\swagger-models\1.5.13\swagger-models-1.5.13.jar;E:\maven_repository\io\springfox\springfox-spi\2.7.0\springfox-spi-2.7.0.jar;E:\maven_repository\io\springfox\springfox-core\2.7.0\springfox-core-2.7.0.jar;E:\maven_repository\io\springfox\springfox-schema\2.7.0\springfox-schema-2.7.0.jar;E:\maven_repository\io\springfox\springfox-swagger-common\2.7.0\springfox-swagger-common-2.7.0.jar;E:\maven_repository\com\google\guava\guava\18.0\guava-18.0.jar;E:\maven_repository\com\fasterxml\classmate\1.5.1\classmate-1.5.1.jar;E:\maven_repository\org\springframework\plugin\spring-plugin-core\1.2.0.RELEASE\spring-plugin-core-1.2.0.RELEASE.jar;E:\maven_repository\org\springframework\plugin\spring-plugin-metadata\1.2.0.RELEASE\spring-plugin-metadata-1.2.0.RELEASE.jar;E:\maven_repository\org\mapstruct\mapstruct\1.1.0.Final\mapstruct-1.1.0.Final.jar;E:\maven_repository\io\springfox\springfox-bean-validators\2.7.0\springfox-bean-validators-2.7.0.jar;E:\maven_repository\com\alibaba\druid-spring-boot-starter\1.2.4\druid-spring-boot-starter-1.2.4.jar;E:\maven_repository\com\alibaba\druid\1.2.4\druid-1.2.4.jar;E:\maven_repository\org\slf4j\slf4j-api\1.7.30\slf4j-api-1.7.30.jar;E:\maven_repository\org\springframework\boot\spring-boot-autoconfigure\2.4.2\spring-boot-autoconfigure-2.4.2.jar;E:\maven_repository\mysql\mysql-connector-java\8.0.22\mysql-connector-java-8.0.22.jar;E:\maven_repository\com\baomidou\mybatis-plus-generator\3.2.0\mybatis-plus-generator-3.2.0.jar;E:\maven_repository\com\baomidou\mybatis-plus-extension\3.2.0\mybatis-plus-extension-3.2.0.jar;E:\maven_repository\com\baomidou\mybatis-plus-core\3.2.0\mybatis-plus-core-3.2.0.jar;E:\maven_repository\com\baomidou\mybatis-plus-annotation\3.2.0\mybatis-plus-annotation-3.2.0.jar;E:\maven_repository\com\github\jsqlparser\jsqlparser\2.1\jsqlparser-2.1.jar;E:\maven_repository\org\mybatis\mybatis\3.5.2\mybatis-3.5.2.jar;E:\maven_repository\org\mybatis\mybatis-spring\2.0.2\mybatis-spring-2.0.2.jar;E:\maven_repository\org\freemarker\freemarker\2.3.30\freemarker-2.3.30.jar;E:\maven_repository\com\baomidou\mybatis-plus-boot-starter\3.0.5\mybatis-plus-boot-starter-3.0.5.jar;E:\maven_repository\com\baomidou\mybatis-plus\3.0.5\mybatis-plus-3.0.5.jar;E:\maven_repository\org\springframework\boot\spring-boot-starter-jdbc\2.4.2\spring-boot-starter-jdbc-2.4.2.jar;E:\maven_repository\com\zaxxer\HikariCP\3.4.5\HikariCP-3.4.5.jar;E:\maven_repository\org\springframework\spring-jdbc\5.3.3\spring-jdbc-5.3.3.jar;E:\maven_repository\org\springframework\boot\spring-boot-configuration-processor\2.4.2\spring-boot-configuration-processor-2.4.2.jar;E:\maven_repository\org\springframework\boot\spring-boot-starter-web\2.4.2\spring-boot-starter-web-2.4.2.jar;E:\maven_repository\org\springframework\boot\spring-boot-starter-json\2.4.2\spring-boot-starter-json-2.4.2.jar;E:\maven_repository\com\fasterxml\jackson\datatype\jackson-datatype-jdk8\2.11.4\jackson-datatype-jdk8-2.11.4.jar;E:\maven_repository\com\fasterxml\jackson\datatype\jackson-datatype-jsr310\2.11.4\jackson-datatype-jsr310-2.11.4.jar;E:\maven_repository\com\fasterxml\jackson\module\jackson-module-parameter-names\2.11.4\jackson-module-parameter-names-2.11.4.jar;E:\maven_repository\org\springframework\boot\spring-boot-starter-tomcat\2.4.2\spring-boot-starter-tomcat-2.4.2.jar;E:\maven_repository\org\apache\tomcat\embed\tomcat-embed-core\9.0.41\tomcat-embed-core-9.0.41.jar;E:\maven_repository\org\glassfish\jakarta.el\3.0.3\jakarta.el-3.0.3.jar;E:\maven_repository\org\apache\tomcat\embed\tomcat-embed-websocket\9.0.41\tomcat-embed-websocket-9.0.41.jar;E:\maven_repository\org\springframework\spring-web\5.3.3\spring-web-5.3.3.jar;E:\maven_repository\org\springframework\spring-beans\5.3.3\spring-beans-5.3.3.jar;E:\maven_repository\org\springframework\spring-webmvc\5.3.3\spring-webmvc-5.3.3.jar;E:\maven_repository\org\springframework\spring-context\5.3.3\spring-context-5.3.3.jar;E:\maven_repository\org\springframework\spring-expression\5.3.3\spring-expression-5.3.3.jar;E:\maven_repository\org\springframework\boot\spring-boot-devtools\2.4.2\spring-boot-devtools-2.4.2.jar;E:\maven_repository\org\springframework\boot\spring-boot\2.4.2\spring-boot-2.4.2.jar;E:\maven_repository\org\projectlombok\lombok\1.18.16\lombok-1.18.16.jar;E:\maven_repository\org\springframework\boot\spring-boot-starter-test\2.4.2\spring-boot-starter-test-2.4.2.jar;E:\maven_repository\org\springframework\boot\spring-boot-test\2.4.2\spring-boot-test-2.4.2.jar;E:\maven_repository\org\springframework\boot\spring-boot-test-autoconfigure\2.4.2\spring-boot-test-autoconfigure-2.4.2.jar;E:\maven_repository\com\jayway\jsonpath\json-path\2.4.0\json-path-2.4.0.jar;E:\maven_repository\net\minidev\json-smart\2.3\json-smart-2.3.jar;E:\maven_repository\net\minidev\accessors-smart\1.2\accessors-smart-1.2.jar;E:\maven_repository\org\ow2\asm\asm\5.0.4\asm-5.0.4.jar;E:\maven_repository\jakarta\xml\bind\jakarta.xml.bind-api\2.3.3\jakarta.xml.bind-api-2.3.3.jar;E:\maven_repository\jakarta\activation\jakarta.activation-api\1.2.2\jakarta.activation-api-1.2.2.jar;E:\maven_repository\org\assertj\assertj-core\3.18.1\assertj-core-3.18.1.jar;E:\maven_repository\org\hamcrest\hamcrest\2.2\hamcrest-2.2.jar;E:\maven_repository\org\junit\jupiter\junit-jupiter\5.7.0\junit-jupiter-5.7.0.jar;E:\maven_repository\org\junit\jupiter\junit-jupiter-api\5.7.0\junit-jupiter-api-5.7.0.jar;E:\maven_repository\org\apiguardian\apiguardian-api\1.1.0\apiguardian-api-1.1.0.jar;E:\maven_repository\org\opentest4j\opentest4j\1.2.0\opentest4j-1.2.0.jar;E:\maven_repository\org\junit\platform\junit-platform-commons\1.7.0\junit-platform-commons-1.7.0.jar;E:\maven_repository\org\junit\jupiter\junit-jupiter-params\5.7.0\junit-jupiter-params-5.7.0.jar;E:\maven_repository\org\junit\jupiter\junit-jupiter-engine\5.7.0\junit-jupiter-engine-5.7.0.jar;E:\maven_repository\org\junit\platform\junit-platform-engine\1.7.0\junit-platform-engine-1.7.0.jar;E:\maven_repository\org\mockito\mockito-core\3.6.28\mockito-core-3.6.28.jar;E:\maven_repository\net\bytebuddy\byte-buddy\1.10.19\byte-buddy-1.10.19.jar;E:\maven_repository\net\bytebuddy\byte-buddy-agent\1.10.19\byte-buddy-agent-1.10.19.jar;E:\maven_repository\org\objenesis\objenesis\3.1\objenesis-3.1.jar;E:\maven_repository\org\mockito\mockito-junit-jupiter\3.6.28\mockito-junit-jupiter-3.6.28.jar;E:\maven_repository\org\skyscreamer\jsonassert\1.5.0\jsonassert-1.5.0.jar;E:\maven_repository\com\vaadin\external\google\android-json\0.0.20131108.vaadin1\android-json-0.0.20131108.vaadin1.jar;E:\maven_repository\org\springframework\spring-core\5.3.3\spring-core-5.3.3.jar;E:\maven_repository\org\springframework\spring-jcl\5.3.3\spring-jcl-5.3.3.jar;E:\maven_repository\org\springframework\spring-test\5.3.3\spring-test-5.3.3.jar;E:\maven_repository\org\xmlunit\xmlunit-core\2.7.0\xmlunit-core-2.7.0.jar;E:\maven_repository\io\jsonwebtoken\jjwt\0.9.1\jjwt-0.9.1.jar;E:\maven_repository\com\fasterxml\jackson\core\jackson-databind\2.11.4\jackson-databind-2.11.4.jar;E:\maven_repository\com\fasterxml\jackson\core\jackson-annotations\2.11.4\jackson-annotations-2.11.4.jar;E:\maven_repository\com\fasterxml\jackson\core\jackson-core\2.11.4\jackson-core-2.11.4.jar;E:\maven_repository\com\auth0\java-jwt\3.8.3\java-jwt-3.8.3.jar;E:\maven_repository\commons-codec\commons-codec\1.15\commons-codec-1.15.jar;E:\maven_repository\org\springframework\boot\spring-boot-starter-log4j2\2.4.2\spring-boot-starter-log4j2-2.4.2.jar;E:\maven_repository\org\apache\logging\log4j\log4j-slf4j-impl\2.13.3\log4j-slf4j-impl-2.13.3.jar;E:\maven_repository\org\apache\logging\log4j\log4j-api\2.13.3\log4j-api-2.13.3.jar;E:\maven_repository\org\apache\logging\log4j\log4j-core\2.13.3\log4j-core-2.13.3.jar;E:\maven_repository\org\apache\logging\log4j\log4j-jul\2.13.3\log4j-jul-2.13.3.jar;E:\maven_repository\org\slf4j\jul-to-slf4j\1.7.30\jul-to-slf4j-1.7.30.jar;E:\maven_repository\com\alibaba\fastjson\1.2.66\fastjson-1.2.66.jar;E:\maven_repository\com\github\axet\kaptcha\0.0.9\kaptcha-0.0.9.jar;E:\maven_repository\com\jhlabs\filters\2.0.235\filters-2.0.235.jar;"/>
    <property name="sun.cpu.endian" value="little"/>
    <property name="user.home" value="C:\Users\86198"/>
    <property name="user.language" value="zh"/>
    <property name="java.specification.vendor" value="Oracle Corporation"/>
    <property name="java.home" value="C:\Program Files\Java\jdk1.8.0_301\jre"/>
    <property name="basedir" value="E:\011前后端分离的校园招聘系统\项目代码\后端\webzp-java"/>
    <property name="file.separator" value="\"/>
    <property name="line.separator" value="&#10;"/>
    <property name="java.vm.specification.vendor" value="Oracle Corporation"/>
    <property name="java.specification.name" value="Java Platform API Specification"/>
    <property name="java.awt.graphicsenv" value="sun.awt.Win32GraphicsEnvironment"/>
    <property name="surefire.real.class.path" value="C:\Users\86198\AppData\Local\Temp\surefire5480059360380921043\surefirebooter5999614764230106388.jar"/>
    <property name="sun.boot.class.path" value="C:\Program Files\Java\jdk1.8.0_301\jre\lib\resources.jar;C:\Program Files\Java\jdk1.8.0_301\jre\lib\rt.jar;C:\Program Files\Java\jdk1.8.0_301\jre\lib\sunrsasign.jar;C:\Program Files\Java\jdk1.8.0_301\jre\lib\jsse.jar;C:\Program Files\Java\jdk1.8.0_301\jre\lib\jce.jar;C:\Program Files\Java\jdk1.8.0_301\jre\lib\charsets.jar;C:\Program Files\Java\jdk1.8.0_301\jre\lib\jfr.jar;C:\Program Files\Java\jdk1.8.0_301\jre\classes"/>
    <property name="user.script" value=""/>
    <property name="sun.management.compiler" value="HotSpot 64-Bit Tiered Compilers"/>
    <property name="java.runtime.version" value="1.8.0_301-b09"/>
    <property name="user.name" value="86198"/>
    <property name="path.separator" value=";"/>
    <property name="os.version" value="10.0"/>
    <property name="java.endorsed.dirs" value="C:\Program Files\Java\jdk1.8.0_301\jre\lib\endorsed"/>
    <property name="java.runtime.name" value="Java(TM) SE Runtime Environment"/>
    <property name="file.encoding" value="GBK"/>
    <property name="java.vm.name" value="Java HotSpot(TM) 64-Bit Server VM"/>
    <property name="localRepository" value="E:\maven_repository"/>
    <property name="java.vendor.url.bug" value="http://bugreport.sun.com/bugreport/"/>
    <property name="java.io.tmpdir" value="C:\Users\86198\AppData\Local\Temp\"/>
    <property name="idea.version" value="2023.1.2"/>
    <property name="java.version" value="1.8.0_301"/>
    <property name="user.dir" value="E:\011前后端分离的校园招聘系统\项目代码\后端\webzp-java"/>
    <property name="os.arch" value="amd64"/>
    <property name="java.vm.specification.name" value="Java Virtual Machine Specification"/>
    <property name="java.awt.printerjob" value="sun.awt.windows.WPrinterJob"/>
    <property name="sun.os.patch.level" value=""/>
    <property name="java.library.path" value="C:\Program Files\Java\jdk1.8.0_301\jre\bin;C:\WINDOWS\Sun\Java\bin;C:\WINDOWS\system32;C:\WINDOWS;C:\Program Files\Common Files\Oracle\Java\javapath;C:\Program Files\NVIDIA GPU Computing Toolkit\CUDA\v12.1\bin;C:\Program Files\NVIDIA GPU Computing Toolkit\CUDA\v12.1\libnvvp;C:\Program Files (x86)\VMware\VMware Workstation\bin\;C:\Windows\System32;E:\mysql-5.7.40-winx64\bin;C:\Program Files\Git\cmd;C:\WINDOWS\system32;C:\WINDOWS;C:\WINDOWS\System32\Wbem;C:\WINDOWS\System32\WindowsPowerShell\v1.0\;C:\WINDOWS\System32\OpenSSH\;E:\;C:\Program Files\NVIDIA Corporation\Nsight Compute 2023.1.0\;C:\Program Files (x86)\NVIDIA Corporation\PhysX\Common;C:\Program Files\NVIDIA Corporation\NVIDIA NvDLISR;D:\nodejs\;D:\jdk-17\bin;D:\jdk-17\jre\bin;E:\maven3.6\bin;C:\Program Files\MySQL\MySQL Server 8.0\bin;;E:\微信web开发者工具\dll;C:\Users\86198\AppData\Local\Packages\PythonSoftwareFoundation.Python.3.8_qbz5n2kfra8p0\LocalCache\local-packages\Python38\Scripts;C:\PyCharm 2022.3.1\bin;;C:\Users\86198\AppData\Local\Microsoft\WindowsApps;C:\Users\86198\AppData\Local\Microsoft\WindowsApps\PythonSoftwareFoundation.Python.3.8_qbz5n2kfra8p0;C:\Program Files\JetBrains\IntelliJ IDEA Community Edition 2021.2.1\bin;;E:\IntelliJ IDEA 2023.1.2\bin;;C:\Program Files\Azure Data Studio\bin;E:\Anaconda;E:\Anaconda\Library\mingw-w64\bin;E:\Anaconda\Library\usr\bin;E:\Anaconda\Library\bin;E:\Anaconda\Scripts;D:\Microsoft VS Code\bin;C:\Users\86198\AppData\Roaming\npm;D:\nodejs\node_global;D:\nodejs\node_cache;;."/>
    <property name="java.vm.info" value="mixed mode"/>
    <property name="java.vendor" value="Oracle Corporation"/>
    <property name="java.vm.version" value="25.301-b09"/>
    <property name="java.ext.dirs" value="C:\Program Files\Java\jdk1.8.0_301\jre\lib\ext;C:\WINDOWS\Sun\Java\lib\ext"/>
    <property name="sun.io.unicode.encoding" value="UnicodeLittle"/>
    <property name="maven.repo.local" value="E:\maven_repository"/>
    <property name="java.class.version" value="52.0"/>
  </properties>
  <testcase name="contextLoads" classname="com.codeyuaiiao.WebzpJavaApplicationTests" time="0.189"/>
</testsuite>